0 97
1 130
2 125
3 131
4 115
5 130
6 158
7 135
8 140
9 175
10 180
11 145
12 178
13 185
14 175
15 135
16 154
17 175
18 177
19 175
20 157
21 143
22 169
23 209
24 174
25 220
26 380
27 195
28 286
29 214
30 132
31 166
32 160
33 239
34 184
35 191
36 160
37 187
38 156
39 146
40 135
41 153
42 282
43 153
44 230
45 164
46 223
47 145
48 190
49 172
50 165
51 152
52 128
53 170
54 305
55 233
56 229
57 260
58 274
59 450
60 296
61 252
62 187
63 212
64 315
65 249
66 547
67 397
68 374
69 515
70 689
71 773
72 565
73 470
74 533
75 336
76 370
77 264
78 355
79 300
80 280
81 321
82 284
83 425
84 260
85 695
86 380
87 338
88 461
89 209
90 368
91 484
92 531
93 250
94 435
95 420
96 340
97 351
98 230
99 467
100 842
101 461
102 245
103 500
104 310
105 478
106 250
107 310
108 465
109 669
110 373
111 358
112 357
113 465
114 432
115 540
116 413
117 325
118 461
119 331
120 334
121 305
122 336
123 452
124 550
125 671
126 245
127 318
128 388
129 364
130 775
131 496
132 398
133 407
134 454
135 490
136 369
137 290
138 380
139 525
140 506
141 335
142 450
143 454
144 411
145 486
146 397
147 500
148 384
149 544
150 625
151 488
152 425
153 345
154 300
155 266
156 500
157 387
158 382
159 345
160 460
161 382
